0 info it worked if it ends with ok
1 verbose cli [ '/home/sabino/.nvm/versions/node/v4.4.4/bin/node',
1 verbose cli   '/home/sabino/.nvm/versions/node/v4.4.4/bin/npm',
1 verbose cli   'publish' ]
2 info using npm@2.15.1
3 info using node@v4.4.4
4 verbose publish [ '.' ]
5 silly cache add args [ '.', null ]
6 verbose cache add spec .
7 silly cache add parsed spec Result {
7 silly cache add   raw: '.',
7 silly cache add   scope: null,
7 silly cache add   name: null,
7 silly cache add   rawSpec: '.',
7 silly cache add   spec: '/home/sabino/Development/Sabino/hubot-ector',
7 silly cache add   type: 'directory' }
8 verbose addLocalDirectory /home/sabino/.npm/hubot-ectorx/1.2.1/package.tgz not in flight; packing
9 verbose correctMkdir /home/sabino/.npm correctMkdir not in flight; initializing
10 verbose tar pack [ '/home/sabino/.npm/hubot-ectorx/1.2.1/package.tgz',
10 verbose tar pack   '/home/sabino/Development/Sabino/hubot-ector' ]
11 verbose tarball /home/sabino/.npm/hubot-ectorx/1.2.1/package.tgz
12 verbose folder /home/sabino/Development/Sabino/hubot-ector
13 info prepublish hubot-ectorx@1.2.1
14 verbose addLocalTarball adding from inside cache /home/sabino/.npm/hubot-ectorx/1.2.1/package.tgz
15 verbose correctMkdir /home/sabino/.npm correctMkdir not in flight; initializing
16 silly cache afterAdd hubot-ectorx@1.2.1
17 verbose afterAdd /home/sabino/.npm/hubot-ectorx/1.2.1/package/package.json not in flight; writing
18 verbose correctMkdir /home/sabino/.npm correctMkdir not in flight; initializing
19 verbose afterAdd /home/sabino/.npm/hubot-ectorx/1.2.1/package/package.json written
20 silly publish { name: 'hubot-ectorx',
20 silly publish   description: 'Hubot\'s ECTOR script package (learning chatterbot)',
20 silly publish   version: '1.2.1',
20 silly publish   author: { name: 'Felipe Sabino', email: 'fgsabino@gmail.com' },
20 silly publish   license: 'MIT',
20 silly publish   keywords: [ 'hubot', 'hubot-scripts', 'chatterbot' ],
20 silly publish   repository: { type: 'git', url: 'git://github.com/sabino/hubot-ector.git' },
20 silly publish   bugs: { url: 'https://github.com/sabino/hubot-ector/issues' },
20 silly publish   dependencies:
20 silly publish    { 'coffee-script': '~1.6',
20 silly publish      ector: '*',
20 silly publish      'file-concept-network': '^0.1.2' },
20 silly publish   devDependencies: { mocha: '*', chai: '*', 'sinon-chai': '*', sinon: '*' },
20 silly publish   main: 'index.coffee',
20 silly publish   scripts: { test: 'script/test' },
20 silly publish   readme: '# Hubot Ector\n\nA learning chatterbot script package for [Hubot](https://hubot.github.com/)\n\n## Installation\n\nAfter [having a hubot\ninstalled](https://github.com/github/hubot/tree/master/docs#getting-started-\nwith-hubot), go into its directory. Then:\n\n```bash\n$ npm install --save hubot-ectorx\n```\n\nThen, add `"hubot-ectorx"` into the file `external-scripts.json`. The minimal one is:\n\n```json\n[ "hubot-ectorx" ]\n```\n\n## Commands\nBy default, any sentence that does not triggered another command will be replied by the hubot. Also, he will learn it, as a young child learning to speak would.\n\nIf you\'re annoyed by the hubot\'s verbiage, just use the `hubot shut up` command.\nIn the other way, if you want him to talk again, just say `hubot speak` (as always, replace `hubot` with the name of the hubot).\n\nIf you want that the hubot remember the conversations, use regularly the `save yourself` command.\n\n## ChangeLog\n\n* 2014/08/07: 1.2.0: add "save yourself" command\n* 2014/06/21: 1.1.0: add "shut up" and "speak" commands\n* 2014/06/20: 1.0.0: First version\n',
20 silly publish   readmeFilename: 'README.md',
20 silly publish   gitHead: '37cd12d5ce8f81d6ac83933e2d59d43218b6c5b7',
20 silly publish   homepage: 'https://github.com/sabino/hubot-ector#readme',
20 silly publish   _id: 'hubot-ectorx@1.2.1',
20 silly publish   _shasum: '116bdd3fa65d97bb4a0c611836e4d348fd4c8ed2',
20 silly publish   _from: '.' }
21 verbose getPublishConfig undefined
22 silly mapToRegistry name hubot-ectorx
23 silly mapToRegistry using default registry
24 silly mapToRegistry registry https://registry.npmjs.org/
25 silly mapToRegistry data Result {
25 silly mapToRegistry   raw: 'hubot-ectorx',
25 silly mapToRegistry   scope: null,
25 silly mapToRegistry   name: 'hubot-ectorx',
25 silly mapToRegistry   rawSpec: '',
25 silly mapToRegistry   spec: 'latest',
25 silly mapToRegistry   type: 'tag' }
26 silly mapToRegistry uri https://registry.npmjs.org/hubot-ectorx
27 verbose publish registryBase https://registry.npmjs.org/
28 silly publish uploading /home/sabino/.npm/hubot-ectorx/1.2.1/package.tgz
29 verbose request uri https://registry.npmjs.org/hubot-ectorx
30 verbose request sending authorization for write operation
31 info attempt registry request try #1 at 3:27:15 PM
32 verbose request using bearer token for auth
33 verbose request id cf0e2fe2c4211406
34 http request PUT https://registry.npmjs.org/hubot-ectorx
35 http 403 https://registry.npmjs.org/hubot-ectorx
36 verbose headers { 'content-type': 'application/json',
36 verbose headers   'cache-control': 'max-age=300',
36 verbose headers   'content-length': '95',
36 verbose headers   'accept-ranges': 'bytes',
36 verbose headers   date: 'Fri, 19 Aug 2016 18:27:16 GMT',
36 verbose headers   via: '1.1 varnish',
36 verbose headers   connection: 'keep-alive',
36 verbose headers   'x-served-by': 'cache-gru7127-GRU',
36 verbose headers   'x-cache': 'MISS',
36 verbose headers   'x-cache-hits': '0',
36 verbose headers   'x-timer': 'S1471631235.799672,VS0,VE760',
36 verbose headers   vary: 'Accept-Encoding' }
37 verbose request invalidating /home/sabino/.npm/registry.npmjs.org/hubot-ectorx on PUT
38 error publish Failed PUT 403
39 verbose stack Error: "You cannot publish over the previously published version 1.2.1." : hubot-ectorx
39 verbose stack     at makeError (/home/sabino/.nvm/versions/node/v4.4.4/lib/node_modules/npm/node_modules/npm-registry-client/lib/request.js:264:12)
39 verbose stack     at CachingRegistryClient.<anonymous> (/home/sabino/.nvm/versions/node/v4.4.4/lib/node_modules/npm/node_modules/npm-registry-client/lib/request.js:252:14)
39 verbose stack     at Request._callback (/home/sabino/.nvm/versions/node/v4.4.4/lib/node_modules/npm/node_modules/npm-registry-client/lib/request.js:172:14)
39 verbose stack     at Request.self.callback (/home/sabino/.nvm/versions/node/v4.4.4/lib/node_modules/npm/node_modules/request/request.js:199:22)
39 verbose stack     at emitTwo (events.js:87:13)
39 verbose stack     at Request.emit (events.js:172:7)
39 verbose stack     at Request.<anonymous> (/home/sabino/.nvm/versions/node/v4.4.4/lib/node_modules/npm/node_modules/request/request.js:1036:10)
39 verbose stack     at emitOne (events.js:82:20)
39 verbose stack     at Request.emit (events.js:169:7)
39 verbose stack     at IncomingMessage.<anonymous> (/home/sabino/.nvm/versions/node/v4.4.4/lib/node_modules/npm/node_modules/request/request.js:963:12)
40 verbose statusCode 403
41 verbose pkgid hubot-ectorx
42 verbose cwd /home/sabino/Development/Sabino/hubot-ector
43 error Linux 4.2.0-35-generic
44 error argv "/home/sabino/.nvm/versions/node/v4.4.4/bin/node" "/home/sabino/.nvm/versions/node/v4.4.4/bin/npm" "publish"
45 error node v4.4.4
46 error npm  v2.15.1
47 error code E403
48 error "You cannot publish over the previously published version 1.2.1." : hubot-ectorx
49 error If you need help, you may report this error at:
49 error     <https://github.com/npm/npm/issues>
50 verbose exit [ 1, true ]
